<?xml version="1.0" encoding="UTF-8"?>
<testsuite name="greeter.GreetingFormaterSpec" tests="1" skipped="0" failures="0" errors="0" timestamp="2018-09-02T13:28:27" hostname="robo-nb" time="0.045">
  <properties/>
  <testcase name="Creating a greeting" classname="greeter.GreetingFormaterSpec" time="0.045"/>
  <system-out><![CDATA[]]></system-out>
  <system-err><![CDATA[]]></system-err>
</testsuite>
