<?xml version="1.0" encoding="UTF-8"?>
<testsuite name="greeter.GreeterSpec" tests="1" skipped="0" failures="0" errors="0" timestamp="2018-09-02T13:41:42" hostname="robo-nb" time="0.078">
  <properties/>
  <testcase name="Calling the entry point" classname="greeter.GreeterSpec" time="0.078"/>
  <system-out><![CDATA[]]></system-out>
  <system-err><![CDATA[]]></system-err>
</testsuite>
